[2025-03-21T19:24:20.419+0000] {processor.py:186} INFO - Started process (PID=8079) to work on /opt/airflow/dags/dag.py
[2025-03-21T19:24:20.420+0000] {processor.py:914} INFO - Processing file /opt/airflow/dags/dag.py for tasks to queue
[2025-03-21T19:24:20.423+0000] {logging_mixin.py:190} INFO - [2025-03-21T19:24:20.423+0000] {dagbag.py:588} INFO - Filling up the DagBag from /opt/airflow/dags/dag.py
[2025-03-21T19:24:20.545+0000] {processor.py:927} WARNING - No viable dags retrieved from /opt/airflow/dags/dag.py
[2025-03-21T19:24:20.559+0000] {processor.py:208} INFO - Processing /opt/airflow/dags/dag.py took 0.148 seconds
[2025-03-21T19:24:51.282+0000] {processor.py:186} INFO - Started process (PID=8143) to work on /opt/airflow/dags/dag.py
[2025-03-21T19:24:51.284+0000] {processor.py:914} INFO - Processing file /opt/airflow/dags/dag.py for tasks to queue
[2025-03-21T19:24:51.286+0000] {logging_mixin.py:190} INFO - [2025-03-21T19:24:51.286+0000] {dagbag.py:588} INFO - Filling up the DagBag from /opt/airflow/dags/dag.py
[2025-03-21T19:24:51.301+0000] {processor.py:927} WARNING - No viable dags retrieved from /opt/airflow/dags/dag.py
[2025-03-21T19:24:51.315+0000] {processor.py:208} INFO - Processing /opt/airflow/dags/dag.py took 0.039 seconds
[2025-03-21T19:25:09.363+0000] {processor.py:186} INFO - Started process (PID=8163) to work on /opt/airflow/dags/dag.py
[2025-03-21T19:25:09.364+0000] {processor.py:914} INFO - Processing file /opt/airflow/dags/dag.py for tasks to queue
[2025-03-21T19:25:09.368+0000] {logging_mixin.py:190} INFO - [2025-03-21T19:25:09.367+0000] {dagbag.py:588} INFO - Filling up the DagBag from /opt/airflow/dags/dag.py
[2025-03-21T19:25:09.394+0000] {processor.py:925} INFO - DAG(s) 'fetch_and_store_amazon_books' retrieved from /opt/airflow/dags/dag.py
[2025-03-21T19:25:09.550+0000] {logging_mixin.py:190} INFO - [2025-03-21T19:25:09.549+0000] {override.py:1912} INFO - Created Permission View: can edit on DAG:fetch_and_store_amazon_books
[2025-03-21T19:25:09.564+0000] {logging_mixin.py:190} INFO - [2025-03-21T19:25:09.564+0000] {override.py:1912} INFO - Created Permission View: can read on DAG:fetch_and_store_amazon_books
[2025-03-21T19:25:09.574+0000] {logging_mixin.py:190} INFO - [2025-03-21T19:25:09.573+0000] {override.py:1912} INFO - Created Permission View: can delete on DAG:fetch_and_store_amazon_books
[2025-03-21T19:25:09.586+0000] {logging_mixin.py:190} INFO - [2025-03-21T19:25:09.586+0000] {override.py:1912} INFO - Created Permission View: can create on DAG Run:fetch_and_store_amazon_books
[2025-03-21T19:25:09.596+0000] {logging_mixin.py:190} INFO - [2025-03-21T19:25:09.595+0000] {override.py:1912} INFO - Created Permission View: can delete on DAG Run:fetch_and_store_amazon_books
[2025-03-21T19:25:09.607+0000] {logging_mixin.py:190} INFO - [2025-03-21T19:25:09.607+0000] {override.py:1912} INFO - Created Permission View: menu access on DAG Run:fetch_and_store_amazon_books
[2025-03-21T19:25:09.618+0000] {logging_mixin.py:190} INFO - [2025-03-21T19:25:09.617+0000] {override.py:1912} INFO - Created Permission View: can read on DAG Run:fetch_and_store_amazon_books
[2025-03-21T19:25:09.618+0000] {logging_mixin.py:190} INFO - [2025-03-21T19:25:09.618+0000] {dag.py:3239} INFO - Sync 1 DAGs
[2025-03-21T19:25:09.634+0000] {logging_mixin.py:190} INFO - [2025-03-21T19:25:09.634+0000] {dag.py:3262} INFO - Creating ORM DAG for fetch_and_store_amazon_books
[2025-03-21T19:25:09.646+0000] {logging_mixin.py:190} INFO - [2025-03-21T19:25:09.645+0000] {dag.py:4180} INFO - Setting next_dagrun for fetch_and_store_amazon_books to None, run_after=None
[2025-03-21T19:25:09.667+0000] {processor.py:208} INFO - Processing /opt/airflow/dags/dag.py took 0.315 seconds
[2025-03-21T19:25:10.294+0000] {processor.py:186} INFO - Started process (PID=8172) to work on /opt/airflow/dags/dag.py
[2025-03-21T19:25:10.295+0000] {processor.py:914} INFO - Processing file /opt/airflow/dags/dag.py for tasks to queue
[2025-03-21T19:25:10.298+0000] {logging_mixin.py:190} INFO - [2025-03-21T19:25:10.298+0000] {dagbag.py:588} INFO - Filling up the DagBag from /opt/airflow/dags/dag.py
[2025-03-21T19:25:10.323+0000] {processor.py:925} INFO - DAG(s) 'fetch_and_store_amazon_books' retrieved from /opt/airflow/dags/dag.py
[2025-03-21T19:25:10.337+0000] {logging_mixin.py:190} INFO - [2025-03-21T19:25:10.337+0000] {dag.py:3239} INFO - Sync 1 DAGs
[2025-03-21T19:25:10.369+0000] {logging_mixin.py:190} INFO - [2025-03-21T19:25:10.368+0000] {dag.py:4180} INFO - Setting next_dagrun for fetch_and_store_amazon_books to None, run_after=None
[2025-03-21T19:25:10.403+0000] {processor.py:208} INFO - Processing /opt/airflow/dags/dag.py took 0.116 seconds
[2025-03-21T19:25:40.963+0000] {processor.py:186} INFO - Started process (PID=8232) to work on /opt/airflow/dags/dag.py
[2025-03-21T19:25:40.964+0000] {processor.py:914} INFO - Processing file /opt/airflow/dags/dag.py for tasks to queue
[2025-03-21T19:25:40.966+0000] {logging_mixin.py:190} INFO - [2025-03-21T19:25:40.966+0000] {dagbag.py:588} INFO - Filling up the DagBag from /opt/airflow/dags/dag.py
[2025-03-21T19:25:40.986+0000] {processor.py:925} INFO - DAG(s) 'fetch_and_store_amazon_books' retrieved from /opt/airflow/dags/dag.py
[2025-03-21T19:25:41.004+0000] {logging_mixin.py:190} INFO - [2025-03-21T19:25:41.004+0000] {dag.py:3239} INFO - Sync 1 DAGs
[2025-03-21T19:25:41.026+0000] {logging_mixin.py:190} INFO - [2025-03-21T19:25:41.026+0000] {dag.py:4180} INFO - Setting next_dagrun for fetch_and_store_amazon_books to None, run_after=None
[2025-03-21T19:25:41.049+0000] {processor.py:208} INFO - Processing /opt/airflow/dags/dag.py took 0.091 seconds
[2025-03-21T19:26:11.182+0000] {processor.py:186} INFO - Started process (PID=8296) to work on /opt/airflow/dags/dag.py
[2025-03-21T19:26:11.183+0000] {processor.py:914} INFO - Processing file /opt/airflow/dags/dag.py for tasks to queue
[2025-03-21T19:26:11.185+0000] {logging_mixin.py:190} INFO - [2025-03-21T19:26:11.185+0000] {dagbag.py:588} INFO - Filling up the DagBag from /opt/airflow/dags/dag.py
[2025-03-21T19:26:11.207+0000] {processor.py:925} INFO - DAG(s) 'fetch_and_store_amazon_books' retrieved from /opt/airflow/dags/dag.py
[2025-03-21T19:26:11.226+0000] {logging_mixin.py:190} INFO - [2025-03-21T19:26:11.226+0000] {dag.py:3239} INFO - Sync 1 DAGs
[2025-03-21T19:26:11.253+0000] {logging_mixin.py:190} INFO - [2025-03-21T19:26:11.253+0000] {dag.py:4180} INFO - Setting next_dagrun for fetch_and_store_amazon_books to None, run_after=None
[2025-03-21T19:26:11.276+0000] {processor.py:208} INFO - Processing /opt/airflow/dags/dag.py took 0.103 seconds
[2025-03-21T19:26:41.562+0000] {processor.py:186} INFO - Started process (PID=8360) to work on /opt/airflow/dags/dag.py
[2025-03-21T19:26:41.562+0000] {processor.py:914} INFO - Processing file /opt/airflow/dags/dag.py for tasks to queue
[2025-03-21T19:26:41.565+0000] {logging_mixin.py:190} INFO - [2025-03-21T19:26:41.564+0000] {dagbag.py:588} INFO - Filling up the DagBag from /opt/airflow/dags/dag.py
[2025-03-21T19:26:41.582+0000] {processor.py:925} INFO - DAG(s) 'fetch_and_store_amazon_books' retrieved from /opt/airflow/dags/dag.py
[2025-03-21T19:26:41.601+0000] {logging_mixin.py:190} INFO - [2025-03-21T19:26:41.600+0000] {dag.py:3239} INFO - Sync 1 DAGs
[2025-03-21T19:26:41.624+0000] {logging_mixin.py:190} INFO - [2025-03-21T19:26:41.624+0000] {dag.py:4180} INFO - Setting next_dagrun for fetch_and_store_amazon_books to None, run_after=None
[2025-03-21T19:26:41.645+0000] {processor.py:208} INFO - Processing /opt/airflow/dags/dag.py took 0.093 seconds
[2025-03-21T19:27:11.811+0000] {processor.py:186} INFO - Started process (PID=8424) to work on /opt/airflow/dags/dag.py
[2025-03-21T19:27:11.813+0000] {processor.py:914} INFO - Processing file /opt/airflow/dags/dag.py for tasks to queue
[2025-03-21T19:27:11.816+0000] {logging_mixin.py:190} INFO - [2025-03-21T19:27:11.816+0000] {dagbag.py:588} INFO - Filling up the DagBag from /opt/airflow/dags/dag.py
[2025-03-21T19:27:11.837+0000] {processor.py:925} INFO - DAG(s) 'fetch_and_store_amazon_books' retrieved from /opt/airflow/dags/dag.py
[2025-03-21T19:27:11.861+0000] {logging_mixin.py:190} INFO - [2025-03-21T19:27:11.861+0000] {dag.py:3239} INFO - Sync 1 DAGs
[2025-03-21T19:27:11.895+0000] {logging_mixin.py:190} INFO - [2025-03-21T19:27:11.894+0000] {dag.py:4180} INFO - Setting next_dagrun for fetch_and_store_amazon_books to None, run_after=None
[2025-03-21T19:27:11.923+0000] {processor.py:208} INFO - Processing /opt/airflow/dags/dag.py took 0.120 seconds
[2025-03-21T19:27:42.433+0000] {processor.py:186} INFO - Started process (PID=8484) to work on /opt/airflow/dags/dag.py
[2025-03-21T19:27:42.435+0000] {processor.py:914} INFO - Processing file /opt/airflow/dags/dag.py for tasks to queue
[2025-03-21T19:27:42.437+0000] {logging_mixin.py:190} INFO - [2025-03-21T19:27:42.437+0000] {dagbag.py:588} INFO - Filling up the DagBag from /opt/airflow/dags/dag.py
[2025-03-21T19:27:42.456+0000] {processor.py:925} INFO - DAG(s) 'fetch_and_store_amazon_books' retrieved from /opt/airflow/dags/dag.py
[2025-03-21T19:27:42.483+0000] {logging_mixin.py:190} INFO - [2025-03-21T19:27:42.482+0000] {dag.py:3239} INFO - Sync 1 DAGs
[2025-03-21T19:27:42.513+0000] {logging_mixin.py:190} INFO - [2025-03-21T19:27:42.512+0000] {dag.py:4180} INFO - Setting next_dagrun for fetch_and_store_amazon_books to None, run_after=None
[2025-03-21T19:27:42.543+0000] {processor.py:208} INFO - Processing /opt/airflow/dags/dag.py took 0.119 seconds
[2025-03-21T19:28:12.985+0000] {processor.py:186} INFO - Started process (PID=8548) to work on /opt/airflow/dags/dag.py
[2025-03-21T19:28:12.987+0000] {processor.py:914} INFO - Processing file /opt/airflow/dags/dag.py for tasks to queue
[2025-03-21T19:28:12.989+0000] {logging_mixin.py:190} INFO - [2025-03-21T19:28:12.989+0000] {dagbag.py:588} INFO - Filling up the DagBag from /opt/airflow/dags/dag.py
[2025-03-21T19:28:13.006+0000] {processor.py:925} INFO - DAG(s) 'fetch_and_store_amazon_books' retrieved from /opt/airflow/dags/dag.py
[2025-03-21T19:28:13.027+0000] {logging_mixin.py:190} INFO - [2025-03-21T19:28:13.026+0000] {dag.py:3239} INFO - Sync 1 DAGs
[2025-03-21T19:28:13.053+0000] {logging_mixin.py:190} INFO - [2025-03-21T19:28:13.053+0000] {dag.py:4180} INFO - Setting next_dagrun for fetch_and_store_amazon_books to None, run_after=None
[2025-03-21T19:28:13.084+0000] {processor.py:208} INFO - Processing /opt/airflow/dags/dag.py took 0.108 seconds
[2025-03-21T19:28:43.285+0000] {processor.py:186} INFO - Started process (PID=8612) to work on /opt/airflow/dags/dag.py
[2025-03-21T19:28:43.286+0000] {processor.py:914} INFO - Processing file /opt/airflow/dags/dag.py for tasks to queue
[2025-03-21T19:28:43.289+0000] {logging_mixin.py:190} INFO - [2025-03-21T19:28:43.289+0000] {dagbag.py:588} INFO - Filling up the DagBag from /opt/airflow/dags/dag.py
[2025-03-21T19:28:43.308+0000] {processor.py:925} INFO - DAG(s) 'fetch_and_store_amazon_books' retrieved from /opt/airflow/dags/dag.py
[2025-03-21T19:28:43.329+0000] {logging_mixin.py:190} INFO - [2025-03-21T19:28:43.329+0000] {dag.py:3239} INFO - Sync 1 DAGs
[2025-03-21T19:28:43.360+0000] {logging_mixin.py:190} INFO - [2025-03-21T19:28:43.359+0000] {dag.py:4180} INFO - Setting next_dagrun for fetch_and_store_amazon_books to None, run_after=None
[2025-03-21T19:28:43.390+0000] {processor.py:208} INFO - Processing /opt/airflow/dags/dag.py took 0.112 seconds
[2025-03-21T19:29:13.552+0000] {processor.py:186} INFO - Started process (PID=8676) to work on /opt/airflow/dags/dag.py
[2025-03-21T19:29:13.554+0000] {processor.py:914} INFO - Processing file /opt/airflow/dags/dag.py for tasks to queue
[2025-03-21T19:29:13.558+0000] {logging_mixin.py:190} INFO - [2025-03-21T19:29:13.557+0000] {dagbag.py:588} INFO - Filling up the DagBag from /opt/airflow/dags/dag.py
[2025-03-21T19:29:13.576+0000] {processor.py:925} INFO - DAG(s) 'fetch_and_store_amazon_books' retrieved from /opt/airflow/dags/dag.py
[2025-03-21T19:29:13.603+0000] {logging_mixin.py:190} INFO - [2025-03-21T19:29:13.603+0000] {dag.py:3239} INFO - Sync 1 DAGs
[2025-03-21T19:29:13.641+0000] {logging_mixin.py:190} INFO - [2025-03-21T19:29:13.640+0000] {dag.py:4180} INFO - Setting next_dagrun for fetch_and_store_amazon_books to None, run_after=None
[2025-03-21T19:29:13.667+0000] {processor.py:208} INFO - Processing /opt/airflow/dags/dag.py took 0.126 seconds
[2025-03-21T19:29:44.226+0000] {processor.py:186} INFO - Started process (PID=8740) to work on /opt/airflow/dags/dag.py
[2025-03-21T19:29:44.227+0000] {processor.py:914} INFO - Processing file /opt/airflow/dags/dag.py for tasks to queue
[2025-03-21T19:29:44.229+0000] {logging_mixin.py:190} INFO - [2025-03-21T19:29:44.229+0000] {dagbag.py:588} INFO - Filling up the DagBag from /opt/airflow/dags/dag.py
[2025-03-21T19:29:44.247+0000] {processor.py:925} INFO - DAG(s) 'fetch_and_store_amazon_books' retrieved from /opt/airflow/dags/dag.py
[2025-03-21T19:29:44.263+0000] {logging_mixin.py:190} INFO - [2025-03-21T19:29:44.263+0000] {dag.py:3239} INFO - Sync 1 DAGs
[2025-03-21T19:29:44.289+0000] {logging_mixin.py:190} INFO - [2025-03-21T19:29:44.288+0000] {dag.py:4180} INFO - Setting next_dagrun for fetch_and_store_amazon_books to None, run_after=None
[2025-03-21T19:29:44.313+0000] {processor.py:208} INFO - Processing /opt/airflow/dags/dag.py took 0.094 seconds
[2025-03-21T19:30:14.665+0000] {processor.py:186} INFO - Started process (PID=8804) to work on /opt/airflow/dags/dag.py
[2025-03-21T19:30:14.666+0000] {processor.py:914} INFO - Processing file /opt/airflow/dags/dag.py for tasks to queue
[2025-03-21T19:30:14.669+0000] {logging_mixin.py:190} INFO - [2025-03-21T19:30:14.668+0000] {dagbag.py:588} INFO - Filling up the DagBag from /opt/airflow/dags/dag.py
[2025-03-21T19:30:14.685+0000] {processor.py:925} INFO - DAG(s) 'fetch_and_store_amazon_books' retrieved from /opt/airflow/dags/dag.py
[2025-03-21T19:30:14.705+0000] {logging_mixin.py:190} INFO - [2025-03-21T19:30:14.704+0000] {dag.py:3239} INFO - Sync 1 DAGs
[2025-03-21T19:30:14.731+0000] {logging_mixin.py:190} INFO - [2025-03-21T19:30:14.730+0000] {dag.py:4180} INFO - Setting next_dagrun for fetch_and_store_amazon_books to None, run_after=None
[2025-03-21T19:30:14.766+0000] {processor.py:208} INFO - Processing /opt/airflow/dags/dag.py took 0.109 seconds
[2025-03-21T19:30:45.373+0000] {processor.py:186} INFO - Started process (PID=8868) to work on /opt/airflow/dags/dag.py
[2025-03-21T19:30:45.374+0000] {processor.py:914} INFO - Processing file /opt/airflow/dags/dag.py for tasks to queue
[2025-03-21T19:30:45.378+0000] {logging_mixin.py:190} INFO - [2025-03-21T19:30:45.377+0000] {dagbag.py:588} INFO - Filling up the DagBag from /opt/airflow/dags/dag.py
[2025-03-21T19:30:45.397+0000] {processor.py:925} INFO - DAG(s) 'fetch_and_store_amazon_books' retrieved from /opt/airflow/dags/dag.py
[2025-03-21T19:30:45.421+0000] {logging_mixin.py:190} INFO - [2025-03-21T19:30:45.421+0000] {dag.py:3239} INFO - Sync 1 DAGs
[2025-03-21T19:30:45.446+0000] {logging_mixin.py:190} INFO - [2025-03-21T19:30:45.446+0000] {dag.py:4180} INFO - Setting next_dagrun for fetch_and_store_amazon_books to None, run_after=None
[2025-03-21T19:30:45.496+0000] {processor.py:208} INFO - Processing /opt/airflow/dags/dag.py took 0.131 seconds
[2025-03-21T19:31:16.147+0000] {processor.py:186} INFO - Started process (PID=8932) to work on /opt/airflow/dags/dag.py
[2025-03-21T19:31:16.149+0000] {processor.py:914} INFO - Processing file /opt/airflow/dags/dag.py for tasks to queue
[2025-03-21T19:31:16.152+0000] {logging_mixin.py:190} INFO - [2025-03-21T19:31:16.152+0000] {dagbag.py:588} INFO - Filling up the DagBag from /opt/airflow/dags/dag.py
[2025-03-21T19:31:16.175+0000] {processor.py:925} INFO - DAG(s) 'fetch_and_store_amazon_books' retrieved from /opt/airflow/dags/dag.py
[2025-03-21T19:31:16.202+0000] {logging_mixin.py:190} INFO - [2025-03-21T19:31:16.202+0000] {dag.py:3239} INFO - Sync 1 DAGs
[2025-03-21T19:31:16.242+0000] {logging_mixin.py:190} INFO - [2025-03-21T19:31:16.242+0000] {dag.py:4180} INFO - Setting next_dagrun for fetch_and_store_amazon_books to None, run_after=None
[2025-03-21T19:31:16.276+0000] {processor.py:208} INFO - Processing /opt/airflow/dags/dag.py took 0.141 seconds
[2025-03-21T19:31:46.509+0000] {processor.py:186} INFO - Started process (PID=8996) to work on /opt/airflow/dags/dag.py
[2025-03-21T19:31:46.510+0000] {processor.py:914} INFO - Processing file /opt/airflow/dags/dag.py for tasks to queue
[2025-03-21T19:31:46.512+0000] {logging_mixin.py:190} INFO - [2025-03-21T19:31:46.512+0000] {dagbag.py:588} INFO - Filling up the DagBag from /opt/airflow/dags/dag.py
[2025-03-21T19:31:46.530+0000] {processor.py:925} INFO - DAG(s) 'fetch_and_store_amazon_books' retrieved from /opt/airflow/dags/dag.py
[2025-03-21T19:31:46.552+0000] {logging_mixin.py:190} INFO - [2025-03-21T19:31:46.551+0000] {dag.py:3239} INFO - Sync 1 DAGs
[2025-03-21T19:31:46.579+0000] {logging_mixin.py:190} INFO - [2025-03-21T19:31:46.579+0000] {dag.py:4180} INFO - Setting next_dagrun for fetch_and_store_amazon_books to None, run_after=None
[2025-03-21T19:31:46.624+0000] {processor.py:208} INFO - Processing /opt/airflow/dags/dag.py took 0.124 seconds
[2025-03-21T19:32:16.756+0000] {processor.py:186} INFO - Started process (PID=9060) to work on /opt/airflow/dags/dag.py
[2025-03-21T19:32:16.758+0000] {processor.py:914} INFO - Processing file /opt/airflow/dags/dag.py for tasks to queue
[2025-03-21T19:32:16.763+0000] {logging_mixin.py:190} INFO - [2025-03-21T19:32:16.762+0000] {dagbag.py:588} INFO - Filling up the DagBag from /opt/airflow/dags/dag.py
[2025-03-21T19:32:16.801+0000] {processor.py:925} INFO - DAG(s) 'fetch_and_store_amazon_books' retrieved from /opt/airflow/dags/dag.py
[2025-03-21T19:32:16.833+0000] {logging_mixin.py:190} INFO - [2025-03-21T19:32:16.833+0000] {dag.py:3239} INFO - Sync 1 DAGs
[2025-03-21T19:32:16.870+0000] {logging_mixin.py:190} INFO - [2025-03-21T19:32:16.870+0000] {dag.py:4180} INFO - Setting next_dagrun for fetch_and_store_amazon_books to None, run_after=None
[2025-03-21T19:32:16.894+0000] {processor.py:208} INFO - Processing /opt/airflow/dags/dag.py took 0.153 seconds
[2025-03-21T19:32:47.837+0000] {processor.py:186} INFO - Started process (PID=9124) to work on /opt/airflow/dags/dag.py
[2025-03-21T19:32:47.838+0000] {processor.py:914} INFO - Processing file /opt/airflow/dags/dag.py for tasks to queue
[2025-03-21T19:32:47.840+0000] {logging_mixin.py:190} INFO - [2025-03-21T19:32:47.840+0000] {dagbag.py:588} INFO - Filling up the DagBag from /opt/airflow/dags/dag.py
[2025-03-21T19:32:47.858+0000] {processor.py:925} INFO - DAG(s) 'fetch_and_store_amazon_books' retrieved from /opt/airflow/dags/dag.py
[2025-03-21T19:32:47.878+0000] {logging_mixin.py:190} INFO - [2025-03-21T19:32:47.878+0000] {dag.py:3239} INFO - Sync 1 DAGs
[2025-03-21T19:32:47.904+0000] {logging_mixin.py:190} INFO - [2025-03-21T19:32:47.904+0000] {dag.py:4180} INFO - Setting next_dagrun for fetch_and_store_amazon_books to None, run_after=None
[2025-03-21T19:32:47.935+0000] {processor.py:208} INFO - Processing /opt/airflow/dags/dag.py took 0.106 seconds
[2025-03-21T19:33:18.605+0000] {processor.py:186} INFO - Started process (PID=9188) to work on /opt/airflow/dags/dag.py
[2025-03-21T19:33:18.608+0000] {processor.py:914} INFO - Processing file /opt/airflow/dags/dag.py for tasks to queue
[2025-03-21T19:33:18.614+0000] {logging_mixin.py:190} INFO - [2025-03-21T19:33:18.614+0000] {dagbag.py:588} INFO - Filling up the DagBag from /opt/airflow/dags/dag.py
[2025-03-21T19:33:18.656+0000] {processor.py:925} INFO - DAG(s) 'fetch_and_store_amazon_books' retrieved from /opt/airflow/dags/dag.py
[2025-03-21T19:33:18.707+0000] {logging_mixin.py:190} INFO - [2025-03-21T19:33:18.707+0000] {dag.py:3239} INFO - Sync 1 DAGs
[2025-03-21T19:33:18.778+0000] {logging_mixin.py:190} INFO - [2025-03-21T19:33:18.778+0000] {dag.py:4180} INFO - Setting next_dagrun for fetch_and_store_amazon_books to None, run_after=None
[2025-03-21T19:33:18.817+0000] {processor.py:208} INFO - Processing /opt/airflow/dags/dag.py took 0.229 seconds
[2025-03-21T19:33:48.977+0000] {processor.py:186} INFO - Started process (PID=9253) to work on /opt/airflow/dags/dag.py
[2025-03-21T19:33:48.979+0000] {processor.py:914} INFO - Processing file /opt/airflow/dags/dag.py for tasks to queue
[2025-03-21T19:33:48.981+0000] {logging_mixin.py:190} INFO - [2025-03-21T19:33:48.981+0000] {dagbag.py:588} INFO - Filling up the DagBag from /opt/airflow/dags/dag.py
[2025-03-21T19:33:48.999+0000] {processor.py:925} INFO - DAG(s) 'fetch_and_store_amazon_books' retrieved from /opt/airflow/dags/dag.py
[2025-03-21T19:33:49.016+0000] {logging_mixin.py:190} INFO - [2025-03-21T19:33:49.016+0000] {dag.py:3239} INFO - Sync 1 DAGs
[2025-03-21T19:33:49.040+0000] {logging_mixin.py:190} INFO - [2025-03-21T19:33:49.039+0000] {dag.py:4180} INFO - Setting next_dagrun for fetch_and_store_amazon_books to None, run_after=None
[2025-03-21T19:33:49.068+0000] {processor.py:208} INFO - Processing /opt/airflow/dags/dag.py took 0.099 seconds
[2025-03-21T19:34:19.135+0000] {processor.py:186} INFO - Started process (PID=9317) to work on /opt/airflow/dags/dag.py
[2025-03-21T19:34:19.136+0000] {processor.py:914} INFO - Processing file /opt/airflow/dags/dag.py for tasks to queue
[2025-03-21T19:34:19.139+0000] {logging_mixin.py:190} INFO - [2025-03-21T19:34:19.138+0000] {dagbag.py:588} INFO - Filling up the DagBag from /opt/airflow/dags/dag.py
[2025-03-21T19:34:19.156+0000] {processor.py:925} INFO - DAG(s) 'fetch_and_store_amazon_books' retrieved from /opt/airflow/dags/dag.py
[2025-03-21T19:34:19.176+0000] {logging_mixin.py:190} INFO - [2025-03-21T19:34:19.176+0000] {dag.py:3239} INFO - Sync 1 DAGs
[2025-03-21T19:34:19.203+0000] {logging_mixin.py:190} INFO - [2025-03-21T19:34:19.203+0000] {dag.py:4180} INFO - Setting next_dagrun for fetch_and_store_amazon_books to None, run_after=None
[2025-03-21T19:34:19.239+0000] {processor.py:208} INFO - Processing /opt/airflow/dags/dag.py took 0.111 seconds
[2025-03-21T19:34:49.445+0000] {processor.py:186} INFO - Started process (PID=9381) to work on /opt/airflow/dags/dag.py
[2025-03-21T19:34:49.447+0000] {processor.py:914} INFO - Processing file /opt/airflow/dags/dag.py for tasks to queue
[2025-03-21T19:34:49.450+0000] {logging_mixin.py:190} INFO - [2025-03-21T19:34:49.450+0000] {dagbag.py:588} INFO - Filling up the DagBag from /opt/airflow/dags/dag.py
[2025-03-21T19:34:49.476+0000] {processor.py:925} INFO - DAG(s) 'fetch_and_store_amazon_books' retrieved from /opt/airflow/dags/dag.py
[2025-03-21T19:34:49.501+0000] {logging_mixin.py:190} INFO - [2025-03-21T19:34:49.501+0000] {dag.py:3239} INFO - Sync 1 DAGs
[2025-03-21T19:34:49.529+0000] {logging_mixin.py:190} INFO - [2025-03-21T19:34:49.529+0000] {dag.py:4180} INFO - Setting next_dagrun for fetch_and_store_amazon_books to None, run_after=None
[2025-03-21T19:34:49.560+0000] {processor.py:208} INFO - Processing /opt/airflow/dags/dag.py took 0.124 seconds
[2025-03-21T19:35:19.876+0000] {processor.py:186} INFO - Started process (PID=9445) to work on /opt/airflow/dags/dag.py
[2025-03-21T19:35:19.877+0000] {processor.py:914} INFO - Processing file /opt/airflow/dags/dag.py for tasks to queue
[2025-03-21T19:35:19.882+0000] {logging_mixin.py:190} INFO - [2025-03-21T19:35:19.881+0000] {dagbag.py:588} INFO - Filling up the DagBag from /opt/airflow/dags/dag.py
[2025-03-21T19:35:19.904+0000] {processor.py:925} INFO - DAG(s) 'fetch_and_store_amazon_books' retrieved from /opt/airflow/dags/dag.py
[2025-03-21T19:35:19.931+0000] {logging_mixin.py:190} INFO - [2025-03-21T19:35:19.931+0000] {dag.py:3239} INFO - Sync 1 DAGs
[2025-03-21T19:35:19.967+0000] {logging_mixin.py:190} INFO - [2025-03-21T19:35:19.967+0000] {dag.py:4180} INFO - Setting next_dagrun for fetch_and_store_amazon_books to None, run_after=None
[2025-03-21T19:35:20.008+0000] {processor.py:208} INFO - Processing /opt/airflow/dags/dag.py took 0.140 seconds
[2025-03-21T19:35:50.911+0000] {processor.py:186} INFO - Started process (PID=9509) to work on /opt/airflow/dags/dag.py
[2025-03-21T19:35:50.912+0000] {processor.py:914} INFO - Processing file /opt/airflow/dags/dag.py for tasks to queue
[2025-03-21T19:35:50.915+0000] {logging_mixin.py:190} INFO - [2025-03-21T19:35:50.915+0000] {dagbag.py:588} INFO - Filling up the DagBag from /opt/airflow/dags/dag.py
[2025-03-21T19:35:50.931+0000] {processor.py:925} INFO - DAG(s) 'fetch_and_store_amazon_books' retrieved from /opt/airflow/dags/dag.py
[2025-03-21T19:35:50.949+0000] {logging_mixin.py:190} INFO - [2025-03-21T19:35:50.948+0000] {dag.py:3239} INFO - Sync 1 DAGs
[2025-03-21T19:35:50.970+0000] {logging_mixin.py:190} INFO - [2025-03-21T19:35:50.970+0000] {dag.py:4180} INFO - Setting next_dagrun for fetch_and_store_amazon_books to None, run_after=None
[2025-03-21T19:35:50.994+0000] {processor.py:208} INFO - Processing /opt/airflow/dags/dag.py took 0.089 seconds
[2025-03-21T19:36:21.985+0000] {processor.py:186} INFO - Started process (PID=9573) to work on /opt/airflow/dags/dag.py
[2025-03-21T19:36:21.986+0000] {processor.py:914} INFO - Processing file /opt/airflow/dags/dag.py for tasks to queue
[2025-03-21T19:36:21.989+0000] {logging_mixin.py:190} INFO - [2025-03-21T19:36:21.988+0000] {dagbag.py:588} INFO - Filling up the DagBag from /opt/airflow/dags/dag.py
[2025-03-21T19:36:22.006+0000] {processor.py:925} INFO - DAG(s) 'fetch_and_store_amazon_books' retrieved from /opt/airflow/dags/dag.py
[2025-03-21T19:36:22.024+0000] {logging_mixin.py:190} INFO - [2025-03-21T19:36:22.024+0000] {dag.py:3239} INFO - Sync 1 DAGs
[2025-03-21T19:36:22.047+0000] {logging_mixin.py:190} INFO - [2025-03-21T19:36:22.047+0000] {dag.py:4180} INFO - Setting next_dagrun for fetch_and_store_amazon_books to None, run_after=None
[2025-03-21T19:36:22.068+0000] {processor.py:208} INFO - Processing /opt/airflow/dags/dag.py took 0.089 seconds
[2025-03-21T19:36:52.252+0000] {processor.py:186} INFO - Started process (PID=9637) to work on /opt/airflow/dags/dag.py
[2025-03-21T19:36:52.253+0000] {processor.py:914} INFO - Processing file /opt/airflow/dags/dag.py for tasks to queue
[2025-03-21T19:36:52.255+0000] {logging_mixin.py:190} INFO - [2025-03-21T19:36:52.255+0000] {dagbag.py:588} INFO - Filling up the DagBag from /opt/airflow/dags/dag.py
[2025-03-21T19:36:52.273+0000] {processor.py:925} INFO - DAG(s) 'fetch_and_store_amazon_books' retrieved from /opt/airflow/dags/dag.py
[2025-03-21T19:36:52.290+0000] {logging_mixin.py:190} INFO - [2025-03-21T19:36:52.289+0000] {dag.py:3239} INFO - Sync 1 DAGs
[2025-03-21T19:36:52.312+0000] {logging_mixin.py:190} INFO - [2025-03-21T19:36:52.311+0000] {dag.py:4180} INFO - Setting next_dagrun for fetch_and_store_amazon_books to None, run_after=None
[2025-03-21T19:36:52.337+0000] {processor.py:208} INFO - Processing /opt/airflow/dags/dag.py took 0.091 seconds
[2025-03-21T19:37:22.555+0000] {processor.py:186} INFO - Started process (PID=9701) to work on /opt/airflow/dags/dag.py
[2025-03-21T19:37:22.556+0000] {processor.py:914} INFO - Processing file /opt/airflow/dags/dag.py for tasks to queue
[2025-03-21T19:37:22.559+0000] {logging_mixin.py:190} INFO - [2025-03-21T19:37:22.558+0000] {dagbag.py:588} INFO - Filling up the DagBag from /opt/airflow/dags/dag.py
[2025-03-21T19:37:22.573+0000] {processor.py:925} INFO - DAG(s) 'fetch_and_store_amazon_books' retrieved from /opt/airflow/dags/dag.py
[2025-03-21T19:37:22.591+0000] {logging_mixin.py:190} INFO - [2025-03-21T19:37:22.591+0000] {dag.py:3239} INFO - Sync 1 DAGs
[2025-03-21T19:37:22.614+0000] {logging_mixin.py:190} INFO - [2025-03-21T19:37:22.613+0000] {dag.py:4180} INFO - Setting next_dagrun for fetch_and_store_amazon_books to None, run_after=None
[2025-03-21T19:37:22.653+0000] {processor.py:208} INFO - Processing /opt/airflow/dags/dag.py took 0.105 seconds
[2025-03-21T19:37:53.458+0000] {processor.py:186} INFO - Started process (PID=9765) to work on /opt/airflow/dags/dag.py
[2025-03-21T19:37:53.459+0000] {processor.py:914} INFO - Processing file /opt/airflow/dags/dag.py for tasks to queue
[2025-03-21T19:37:53.462+0000] {logging_mixin.py:190} INFO - [2025-03-21T19:37:53.461+0000] {dagbag.py:588} INFO - Filling up the DagBag from /opt/airflow/dags/dag.py
[2025-03-21T19:37:53.476+0000] {processor.py:925} INFO - DAG(s) 'fetch_and_store_amazon_books' retrieved from /opt/airflow/dags/dag.py
[2025-03-21T19:37:53.496+0000] {logging_mixin.py:190} INFO - [2025-03-21T19:37:53.495+0000] {dag.py:3239} INFO - Sync 1 DAGs
[2025-03-21T19:37:53.527+0000] {logging_mixin.py:190} INFO - [2025-03-21T19:37:53.527+0000] {dag.py:4180} INFO - Setting next_dagrun for fetch_and_store_amazon_books to None, run_after=None
[2025-03-21T19:37:53.553+0000] {processor.py:208} INFO - Processing /opt/airflow/dags/dag.py took 0.101 seconds
[2025-03-21T19:38:24.212+0000] {processor.py:186} INFO - Started process (PID=9835) to work on /opt/airflow/dags/dag.py
[2025-03-21T19:38:24.213+0000] {processor.py:914} INFO - Processing file /opt/airflow/dags/dag.py for tasks to queue
[2025-03-21T19:38:24.216+0000] {logging_mixin.py:190} INFO - [2025-03-21T19:38:24.216+0000] {dagbag.py:588} INFO - Filling up the DagBag from /opt/airflow/dags/dag.py
[2025-03-21T19:38:24.238+0000] {processor.py:925} INFO - DAG(s) 'fetch_and_store_amazon_books' retrieved from /opt/airflow/dags/dag.py
[2025-03-21T19:38:24.264+0000] {logging_mixin.py:190} INFO - [2025-03-21T19:38:24.264+0000] {dag.py:3239} INFO - Sync 1 DAGs
[2025-03-21T19:38:24.345+0000] {logging_mixin.py:190} INFO - [2025-03-21T19:38:24.345+0000] {dag.py:4180} INFO - Setting next_dagrun for fetch_and_store_amazon_books to None, run_after=None
[2025-03-21T19:38:24.385+0000] {processor.py:208} INFO - Processing /opt/airflow/dags/dag.py took 0.184 seconds
[2025-03-21T19:38:55.223+0000] {processor.py:186} INFO - Started process (PID=9899) to work on /opt/airflow/dags/dag.py
[2025-03-21T19:38:55.224+0000] {processor.py:914} INFO - Processing file /opt/airflow/dags/dag.py for tasks to queue
[2025-03-21T19:38:55.228+0000] {logging_mixin.py:190} INFO - [2025-03-21T19:38:55.227+0000] {dagbag.py:588} INFO - Filling up the DagBag from /opt/airflow/dags/dag.py
[2025-03-21T19:38:55.247+0000] {processor.py:925} INFO - DAG(s) 'fetch_and_store_amazon_books' retrieved from /opt/airflow/dags/dag.py
[2025-03-21T19:38:55.281+0000] {logging_mixin.py:190} INFO - [2025-03-21T19:38:55.280+0000] {dag.py:3239} INFO - Sync 1 DAGs
[2025-03-21T19:38:55.314+0000] {logging_mixin.py:190} INFO - [2025-03-21T19:38:55.314+0000] {dag.py:4180} INFO - Setting next_dagrun for fetch_and_store_amazon_books to None, run_after=None
[2025-03-21T19:38:55.356+0000] {processor.py:208} INFO - Processing /opt/airflow/dags/dag.py took 0.141 seconds
[2025-03-21T19:39:25.694+0000] {processor.py:186} INFO - Started process (PID=9963) to work on /opt/airflow/dags/dag.py
[2025-03-21T19:39:25.695+0000] {processor.py:914} INFO - Processing file /opt/airflow/dags/dag.py for tasks to queue
[2025-03-21T19:39:25.698+0000] {logging_mixin.py:190} INFO - [2025-03-21T19:39:25.697+0000] {dagbag.py:588} INFO - Filling up the DagBag from /opt/airflow/dags/dag.py
[2025-03-21T19:39:25.715+0000] {processor.py:925} INFO - DAG(s) 'fetch_and_store_amazon_books' retrieved from /opt/airflow/dags/dag.py
[2025-03-21T19:39:25.733+0000] {logging_mixin.py:190} INFO - [2025-03-21T19:39:25.733+0000] {dag.py:3239} INFO - Sync 1 DAGs
[2025-03-21T19:39:25.755+0000] {logging_mixin.py:190} INFO - [2025-03-21T19:39:25.755+0000] {dag.py:4180} INFO - Setting next_dagrun for fetch_and_store_amazon_books to None, run_after=None
[2025-03-21T19:39:25.781+0000] {processor.py:208} INFO - Processing /opt/airflow/dags/dag.py took 0.094 seconds
[2025-03-21T19:39:56.180+0000] {processor.py:186} INFO - Started process (PID=10027) to work on /opt/airflow/dags/dag.py
[2025-03-21T19:39:56.181+0000] {processor.py:914} INFO - Processing file /opt/airflow/dags/dag.py for tasks to queue
[2025-03-21T19:39:56.184+0000] {logging_mixin.py:190} INFO - [2025-03-21T19:39:56.183+0000] {dagbag.py:588} INFO - Filling up the DagBag from /opt/airflow/dags/dag.py
[2025-03-21T19:39:56.200+0000] {processor.py:925} INFO - DAG(s) 'fetch_and_store_amazon_books' retrieved from /opt/airflow/dags/dag.py
[2025-03-21T19:39:56.221+0000] {logging_mixin.py:190} INFO - [2025-03-21T19:39:56.221+0000] {dag.py:3239} INFO - Sync 1 DAGs
[2025-03-21T19:39:56.247+0000] {logging_mixin.py:190} INFO - [2025-03-21T19:39:56.247+0000] {dag.py:4180} INFO - Setting next_dagrun for fetch_and_store_amazon_books to None, run_after=None
[2025-03-21T19:39:56.270+0000] {processor.py:208} INFO - Processing /opt/airflow/dags/dag.py took 0.101 seconds
[2025-03-21T19:40:26.660+0000] {processor.py:186} INFO - Started process (PID=10091) to work on /opt/airflow/dags/dag.py
[2025-03-21T19:40:26.661+0000] {processor.py:914} INFO - Processing file /opt/airflow/dags/dag.py for tasks to queue
[2025-03-21T19:40:26.663+0000] {logging_mixin.py:190} INFO - [2025-03-21T19:40:26.663+0000] {dagbag.py:588} INFO - Filling up the DagBag from /opt/airflow/dags/dag.py
[2025-03-21T19:40:26.683+0000] {processor.py:925} INFO - DAG(s) 'fetch_and_store_amazon_books' retrieved from /opt/airflow/dags/dag.py
[2025-03-21T19:40:26.702+0000] {logging_mixin.py:190} INFO - [2025-03-21T19:40:26.701+0000] {dag.py:3239} INFO - Sync 1 DAGs
[2025-03-21T19:40:26.726+0000] {logging_mixin.py:190} INFO - [2025-03-21T19:40:26.726+0000] {dag.py:4180} INFO - Setting next_dagrun for fetch_and_store_amazon_books to None, run_after=None
[2025-03-21T19:40:26.763+0000] {processor.py:208} INFO - Processing /opt/airflow/dags/dag.py took 0.111 seconds
[2025-03-21T19:40:56.983+0000] {processor.py:186} INFO - Started process (PID=10155) to work on /opt/airflow/dags/dag.py
[2025-03-21T19:40:56.984+0000] {processor.py:914} INFO - Processing file /opt/airflow/dags/dag.py for tasks to queue
[2025-03-21T19:40:56.987+0000] {logging_mixin.py:190} INFO - [2025-03-21T19:40:56.987+0000] {dagbag.py:588} INFO - Filling up the DagBag from /opt/airflow/dags/dag.py
[2025-03-21T19:40:57.002+0000] {processor.py:925} INFO - DAG(s) 'fetch_and_store_amazon_books' retrieved from /opt/airflow/dags/dag.py
[2025-03-21T19:40:57.020+0000] {logging_mixin.py:190} INFO - [2025-03-21T19:40:57.020+0000] {dag.py:3239} INFO - Sync 1 DAGs
[2025-03-21T19:40:57.043+0000] {logging_mixin.py:190} INFO - [2025-03-21T19:40:57.042+0000] {dag.py:4180} INFO - Setting next_dagrun for fetch_and_store_amazon_books to None, run_after=None
[2025-03-21T19:40:57.078+0000] {processor.py:208} INFO - Processing /opt/airflow/dags/dag.py took 0.102 seconds
[2025-03-21T19:41:27.189+0000] {processor.py:186} INFO - Started process (PID=10219) to work on /opt/airflow/dags/dag.py
[2025-03-21T19:41:27.190+0000] {processor.py:914} INFO - Processing file /opt/airflow/dags/dag.py for tasks to queue
[2025-03-21T19:41:27.192+0000] {logging_mixin.py:190} INFO - [2025-03-21T19:41:27.192+0000] {dagbag.py:588} INFO - Filling up the DagBag from /opt/airflow/dags/dag.py
[2025-03-21T19:41:27.211+0000] {processor.py:925} INFO - DAG(s) 'fetch_and_store_amazon_books' retrieved from /opt/airflow/dags/dag.py
[2025-03-21T19:41:27.229+0000] {logging_mixin.py:190} INFO - [2025-03-21T19:41:27.229+0000] {dag.py:3239} INFO - Sync 1 DAGs
[2025-03-21T19:41:27.399+0000] {logging_mixin.py:190} INFO - [2025-03-21T19:41:27.399+0000] {dag.py:4180} INFO - Setting next_dagrun for fetch_and_store_amazon_books to None, run_after=None
[2025-03-21T19:41:27.427+0000] {processor.py:208} INFO - Processing /opt/airflow/dags/dag.py took 0.245 seconds
[2025-03-21T19:41:57.803+0000] {processor.py:186} INFO - Started process (PID=10282) to work on /opt/airflow/dags/dag.py
[2025-03-21T19:41:57.804+0000] {processor.py:914} INFO - Processing file /opt/airflow/dags/dag.py for tasks to queue
[2025-03-21T19:41:57.806+0000] {logging_mixin.py:190} INFO - [2025-03-21T19:41:57.806+0000] {dagbag.py:588} INFO - Filling up the DagBag from /opt/airflow/dags/dag.py
[2025-03-21T19:41:57.824+0000] {processor.py:925} INFO - DAG(s) 'fetch_and_store_amazon_books' retrieved from /opt/airflow/dags/dag.py
[2025-03-21T19:41:57.847+0000] {logging_mixin.py:190} INFO - [2025-03-21T19:41:57.846+0000] {dag.py:3239} INFO - Sync 1 DAGs
[2025-03-21T19:41:57.872+0000] {logging_mixin.py:190} INFO - [2025-03-21T19:41:57.872+0000] {dag.py:4180} INFO - Setting next_dagrun for fetch_and_store_amazon_books to None, run_after=None
[2025-03-21T19:41:57.894+0000] {processor.py:208} INFO - Processing /opt/airflow/dags/dag.py took 0.099 seconds
[2025-03-21T19:42:28.060+0000] {processor.py:186} INFO - Started process (PID=10346) to work on /opt/airflow/dags/dag.py
[2025-03-21T19:42:28.061+0000] {processor.py:914} INFO - Processing file /opt/airflow/dags/dag.py for tasks to queue
[2025-03-21T19:42:28.063+0000] {logging_mixin.py:190} INFO - [2025-03-21T19:42:28.063+0000] {dagbag.py:588} INFO - Filling up the DagBag from /opt/airflow/dags/dag.py
[2025-03-21T19:42:28.083+0000] {processor.py:925} INFO - DAG(s) 'fetch_and_store_amazon_books' retrieved from /opt/airflow/dags/dag.py
[2025-03-21T19:42:28.104+0000] {logging_mixin.py:190} INFO - [2025-03-21T19:42:28.103+0000] {dag.py:3239} INFO - Sync 1 DAGs
[2025-03-21T19:42:28.129+0000] {logging_mixin.py:190} INFO - [2025-03-21T19:42:28.129+0000] {dag.py:4180} INFO - Setting next_dagrun for fetch_and_store_amazon_books to None, run_after=None
[2025-03-21T19:42:28.155+0000] {processor.py:208} INFO - Processing /opt/airflow/dags/dag.py took 0.102 seconds
[2025-03-21T19:42:58.917+0000] {processor.py:186} INFO - Started process (PID=10409) to work on /opt/airflow/dags/dag.py
[2025-03-21T19:42:58.918+0000] {processor.py:914} INFO - Processing file /opt/airflow/dags/dag.py for tasks to queue
[2025-03-21T19:42:58.921+0000] {logging_mixin.py:190} INFO - [2025-03-21T19:42:58.920+0000] {dagbag.py:588} INFO - Filling up the DagBag from /opt/airflow/dags/dag.py
[2025-03-21T19:42:58.938+0000] {processor.py:925} INFO - DAG(s) 'fetch_and_store_amazon_books' retrieved from /opt/airflow/dags/dag.py
[2025-03-21T19:42:58.957+0000] {logging_mixin.py:190} INFO - [2025-03-21T19:42:58.957+0000] {dag.py:3239} INFO - Sync 1 DAGs
[2025-03-21T19:42:58.982+0000] {logging_mixin.py:190} INFO - [2025-03-21T19:42:58.981+0000] {dag.py:4180} INFO - Setting next_dagrun for fetch_and_store_amazon_books to None, run_after=None
[2025-03-21T19:42:59.004+0000] {processor.py:208} INFO - Processing /opt/airflow/dags/dag.py took 0.093 seconds
[2025-03-21T19:43:29.295+0000] {processor.py:186} INFO - Started process (PID=10472) to work on /opt/airflow/dags/dag.py
[2025-03-21T19:43:29.297+0000] {processor.py:914} INFO - Processing file /opt/airflow/dags/dag.py for tasks to queue
[2025-03-21T19:43:29.301+0000] {logging_mixin.py:190} INFO - [2025-03-21T19:43:29.300+0000] {dagbag.py:588} INFO - Filling up the DagBag from /opt/airflow/dags/dag.py
[2025-03-21T19:43:29.319+0000] {processor.py:925} INFO - DAG(s) 'fetch_and_store_amazon_books' retrieved from /opt/airflow/dags/dag.py
[2025-03-21T19:43:29.337+0000] {logging_mixin.py:190} INFO - [2025-03-21T19:43:29.337+0000] {dag.py:3239} INFO - Sync 1 DAGs
[2025-03-21T19:43:29.361+0000] {logging_mixin.py:190} INFO - [2025-03-21T19:43:29.361+0000] {dag.py:4180} INFO - Setting next_dagrun for fetch_and_store_amazon_books to None, run_after=None
[2025-03-21T19:43:29.382+0000] {processor.py:208} INFO - Processing /opt/airflow/dags/dag.py took 0.101 seconds
[2025-03-21T19:43:59.564+0000] {processor.py:186} INFO - Started process (PID=10536) to work on /opt/airflow/dags/dag.py
[2025-03-21T19:43:59.565+0000] {processor.py:914} INFO - Processing file /opt/airflow/dags/dag.py for tasks to queue
[2025-03-21T19:43:59.568+0000] {logging_mixin.py:190} INFO - [2025-03-21T19:43:59.568+0000] {dagbag.py:588} INFO - Filling up the DagBag from /opt/airflow/dags/dag.py
[2025-03-21T19:43:59.584+0000] {processor.py:925} INFO - DAG(s) 'fetch_and_store_amazon_books' retrieved from /opt/airflow/dags/dag.py
[2025-03-21T19:43:59.603+0000] {logging_mixin.py:190} INFO - [2025-03-21T19:43:59.603+0000] {dag.py:3239} INFO - Sync 1 DAGs
[2025-03-21T19:43:59.629+0000] {logging_mixin.py:190} INFO - [2025-03-21T19:43:59.628+0000] {dag.py:4180} INFO - Setting next_dagrun for fetch_and_store_amazon_books to None, run_after=None
[2025-03-21T19:43:59.649+0000] {processor.py:208} INFO - Processing /opt/airflow/dags/dag.py took 0.092 seconds
[2025-03-21T19:44:30.000+0000] {processor.py:186} INFO - Started process (PID=10597) to work on /opt/airflow/dags/dag.py
[2025-03-21T19:44:30.001+0000] {processor.py:914} INFO - Processing file /opt/airflow/dags/dag.py for tasks to queue
[2025-03-21T19:44:30.003+0000] {logging_mixin.py:190} INFO - [2025-03-21T19:44:30.003+0000] {dagbag.py:588} INFO - Filling up the DagBag from /opt/airflow/dags/dag.py
[2025-03-21T19:44:30.020+0000] {processor.py:925} INFO - DAG(s) 'fetch_and_store_amazon_books' retrieved from /opt/airflow/dags/dag.py
[2025-03-21T19:44:30.037+0000] {logging_mixin.py:190} INFO - [2025-03-21T19:44:30.037+0000] {dag.py:3239} INFO - Sync 1 DAGs
[2025-03-21T19:44:30.059+0000] {logging_mixin.py:190} INFO - [2025-03-21T19:44:30.059+0000] {dag.py:4180} INFO - Setting next_dagrun for fetch_and_store_amazon_books to None, run_after=None
[2025-03-21T19:44:30.084+0000] {processor.py:208} INFO - Processing /opt/airflow/dags/dag.py took 0.091 seconds
[2025-03-21T19:45:00.372+0000] {processor.py:186} INFO - Started process (PID=10661) to work on /opt/airflow/dags/dag.py
[2025-03-21T19:45:00.374+0000] {processor.py:914} INFO - Processing file /opt/airflow/dags/dag.py for tasks to queue
[2025-03-21T19:45:00.376+0000] {logging_mixin.py:190} INFO - [2025-03-21T19:45:00.376+0000] {dagbag.py:588} INFO - Filling up the DagBag from /opt/airflow/dags/dag.py
[2025-03-21T19:45:00.392+0000] {processor.py:925} INFO - DAG(s) 'fetch_and_store_amazon_books' retrieved from /opt/airflow/dags/dag.py
[2025-03-21T19:45:00.412+0000] {logging_mixin.py:190} INFO - [2025-03-21T19:45:00.412+0000] {dag.py:3239} INFO - Sync 1 DAGs
[2025-03-21T19:45:00.440+0000] {logging_mixin.py:190} INFO - [2025-03-21T19:45:00.440+0000] {dag.py:4180} INFO - Setting next_dagrun for fetch_and_store_amazon_books to None, run_after=None
[2025-03-21T19:45:00.465+0000] {processor.py:208} INFO - Processing /opt/airflow/dags/dag.py took 0.100 seconds
[2025-03-21T19:45:30.914+0000] {processor.py:186} INFO - Started process (PID=10725) to work on /opt/airflow/dags/dag.py
[2025-03-21T19:45:30.915+0000] {processor.py:914} INFO - Processing file /opt/airflow/dags/dag.py for tasks to queue
[2025-03-21T19:45:30.918+0000] {logging_mixin.py:190} INFO - [2025-03-21T19:45:30.917+0000] {dagbag.py:588} INFO - Filling up the DagBag from /opt/airflow/dags/dag.py
[2025-03-21T19:45:30.936+0000] {processor.py:925} INFO - DAG(s) 'fetch_and_store_amazon_books' retrieved from /opt/airflow/dags/dag.py
[2025-03-21T19:45:30.958+0000] {logging_mixin.py:190} INFO - [2025-03-21T19:45:30.958+0000] {dag.py:3239} INFO - Sync 1 DAGs
[2025-03-21T19:45:30.995+0000] {logging_mixin.py:190} INFO - [2025-03-21T19:45:30.994+0000] {dag.py:4180} INFO - Setting next_dagrun for fetch_and_store_amazon_books to None, run_after=None
[2025-03-21T19:45:31.022+0000] {processor.py:208} INFO - Processing /opt/airflow/dags/dag.py took 0.116 seconds
[2025-03-21T19:46:01.543+0000] {processor.py:186} INFO - Started process (PID=10787) to work on /opt/airflow/dags/dag.py
[2025-03-21T19:46:01.544+0000] {processor.py:914} INFO - Processing file /opt/airflow/dags/dag.py for tasks to queue
[2025-03-21T19:46:01.546+0000] {logging_mixin.py:190} INFO - [2025-03-21T19:46:01.546+0000] {dagbag.py:588} INFO - Filling up the DagBag from /opt/airflow/dags/dag.py
[2025-03-21T19:46:01.563+0000] {processor.py:925} INFO - DAG(s) 'fetch_and_store_amazon_books' retrieved from /opt/airflow/dags/dag.py
[2025-03-21T19:46:01.582+0000] {logging_mixin.py:190} INFO - [2025-03-21T19:46:01.582+0000] {dag.py:3239} INFO - Sync 1 DAGs
[2025-03-21T19:46:01.606+0000] {logging_mixin.py:190} INFO - [2025-03-21T19:46:01.606+0000] {dag.py:4180} INFO - Setting next_dagrun for fetch_and_store_amazon_books to None, run_after=None
[2025-03-21T19:46:01.628+0000] {processor.py:208} INFO - Processing /opt/airflow/dags/dag.py took 0.100 seconds
[2025-03-21T19:46:32.213+0000] {processor.py:186} INFO - Started process (PID=10851) to work on /opt/airflow/dags/dag.py
[2025-03-21T19:46:32.215+0000] {processor.py:914} INFO - Processing file /opt/airflow/dags/dag.py for tasks to queue
[2025-03-21T19:46:32.217+0000] {logging_mixin.py:190} INFO - [2025-03-21T19:46:32.217+0000] {dagbag.py:588} INFO - Filling up the DagBag from /opt/airflow/dags/dag.py
[2025-03-21T19:46:32.235+0000] {processor.py:925} INFO - DAG(s) 'fetch_and_store_amazon_books' retrieved from /opt/airflow/dags/dag.py
[2025-03-21T19:46:32.253+0000] {logging_mixin.py:190} INFO - [2025-03-21T19:46:32.253+0000] {dag.py:3239} INFO - Sync 1 DAGs
[2025-03-21T19:46:32.275+0000] {logging_mixin.py:190} INFO - [2025-03-21T19:46:32.275+0000] {dag.py:4180} INFO - Setting next_dagrun for fetch_and_store_amazon_books to None, run_after=None
[2025-03-21T19:46:32.296+0000] {processor.py:208} INFO - Processing /opt/airflow/dags/dag.py took 0.090 seconds
[2025-03-21T19:47:02.924+0000] {processor.py:186} INFO - Started process (PID=10913) to work on /opt/airflow/dags/dag.py
[2025-03-21T19:47:02.925+0000] {processor.py:914} INFO - Processing file /opt/airflow/dags/dag.py for tasks to queue
[2025-03-21T19:47:02.927+0000] {logging_mixin.py:190} INFO - [2025-03-21T19:47:02.927+0000] {dagbag.py:588} INFO - Filling up the DagBag from /opt/airflow/dags/dag.py
[2025-03-21T19:47:02.941+0000] {processor.py:925} INFO - DAG(s) 'fetch_and_store_amazon_books' retrieved from /opt/airflow/dags/dag.py
[2025-03-21T19:47:02.958+0000] {logging_mixin.py:190} INFO - [2025-03-21T19:47:02.958+0000] {dag.py:3239} INFO - Sync 1 DAGs
[2025-03-21T19:47:02.980+0000] {logging_mixin.py:190} INFO - [2025-03-21T19:47:02.979+0000] {dag.py:4180} INFO - Setting next_dagrun for fetch_and_store_amazon_books to None, run_after=None
[2025-03-21T19:47:02.999+0000] {processor.py:208} INFO - Processing /opt/airflow/dags/dag.py took 0.081 seconds
[2025-03-21T19:47:33.200+0000] {processor.py:186} INFO - Started process (PID=10977) to work on /opt/airflow/dags/dag.py
[2025-03-21T19:47:33.201+0000] {processor.py:914} INFO - Processing file /opt/airflow/dags/dag.py for tasks to queue
[2025-03-21T19:47:33.203+0000] {logging_mixin.py:190} INFO - [2025-03-21T19:47:33.203+0000] {dagbag.py:588} INFO - Filling up the DagBag from /opt/airflow/dags/dag.py
[2025-03-21T19:47:33.217+0000] {processor.py:925} INFO - DAG(s) 'fetch_and_store_amazon_books' retrieved from /opt/airflow/dags/dag.py
[2025-03-21T19:47:33.234+0000] {logging_mixin.py:190} INFO - [2025-03-21T19:47:33.234+0000] {dag.py:3239} INFO - Sync 1 DAGs
[2025-03-21T19:47:33.255+0000] {logging_mixin.py:190} INFO - [2025-03-21T19:47:33.255+0000] {dag.py:4180} INFO - Setting next_dagrun for fetch_and_store_amazon_books to None, run_after=None
[2025-03-21T19:47:33.275+0000] {processor.py:208} INFO - Processing /opt/airflow/dags/dag.py took 0.082 seconds
[2025-03-21T19:48:04.171+0000] {processor.py:186} INFO - Started process (PID=11041) to work on /opt/airflow/dags/dag.py
[2025-03-21T19:48:04.172+0000] {processor.py:914} INFO - Processing file /opt/airflow/dags/dag.py for tasks to queue
[2025-03-21T19:48:04.175+0000] {logging_mixin.py:190} INFO - [2025-03-21T19:48:04.174+0000] {dagbag.py:588} INFO - Filling up the DagBag from /opt/airflow/dags/dag.py
[2025-03-21T19:48:04.190+0000] {processor.py:925} INFO - DAG(s) 'fetch_and_store_amazon_books' retrieved from /opt/airflow/dags/dag.py
[2025-03-21T19:48:04.207+0000] {logging_mixin.py:190} INFO - [2025-03-21T19:48:04.207+0000] {dag.py:3239} INFO - Sync 1 DAGs
[2025-03-21T19:48:04.229+0000] {logging_mixin.py:190} INFO - [2025-03-21T19:48:04.229+0000] {dag.py:4180} INFO - Setting next_dagrun for fetch_and_store_amazon_books to None, run_after=None
[2025-03-21T19:48:04.250+0000] {processor.py:208} INFO - Processing /opt/airflow/dags/dag.py took 0.085 seconds
[2025-03-21T19:48:34.684+0000] {processor.py:186} INFO - Started process (PID=11105) to work on /opt/airflow/dags/dag.py
[2025-03-21T19:48:34.685+0000] {processor.py:914} INFO - Processing file /opt/airflow/dags/dag.py for tasks to queue
[2025-03-21T19:48:34.688+0000] {logging_mixin.py:190} INFO - [2025-03-21T19:48:34.687+0000] {dagbag.py:588} INFO - Filling up the DagBag from /opt/airflow/dags/dag.py
[2025-03-21T19:48:34.704+0000] {processor.py:925} INFO - DAG(s) 'fetch_and_store_amazon_books' retrieved from /opt/airflow/dags/dag.py
[2025-03-21T19:48:34.723+0000] {logging_mixin.py:190} INFO - [2025-03-21T19:48:34.723+0000] {dag.py:3239} INFO - Sync 1 DAGs
[2025-03-21T19:48:34.746+0000] {logging_mixin.py:190} INFO - [2025-03-21T19:48:34.746+0000] {dag.py:4180} INFO - Setting next_dagrun for fetch_and_store_amazon_books to None, run_after=None
[2025-03-21T19:48:34.768+0000] {processor.py:208} INFO - Processing /opt/airflow/dags/dag.py took 0.089 seconds
[2025-03-21T19:49:05.196+0000] {processor.py:186} INFO - Started process (PID=11169) to work on /opt/airflow/dags/dag.py
[2025-03-21T19:49:05.197+0000] {processor.py:914} INFO - Processing file /opt/airflow/dags/dag.py for tasks to queue
[2025-03-21T19:49:05.199+0000] {logging_mixin.py:190} INFO - [2025-03-21T19:49:05.199+0000] {dagbag.py:588} INFO - Filling up the DagBag from /opt/airflow/dags/dag.py
[2025-03-21T19:49:05.215+0000] {processor.py:925} INFO - DAG(s) 'fetch_and_store_amazon_books' retrieved from /opt/airflow/dags/dag.py
[2025-03-21T19:49:05.234+0000] {logging_mixin.py:190} INFO - [2025-03-21T19:49:05.234+0000] {dag.py:3239} INFO - Sync 1 DAGs
[2025-03-21T19:49:05.256+0000] {logging_mixin.py:190} INFO - [2025-03-21T19:49:05.256+0000] {dag.py:4180} INFO - Setting next_dagrun for fetch_and_store_amazon_books to None, run_after=None
[2025-03-21T19:49:05.287+0000] {processor.py:208} INFO - Processing /opt/airflow/dags/dag.py took 0.098 seconds
[2025-03-21T19:49:35.544+0000] {processor.py:186} INFO - Started process (PID=11233) to work on /opt/airflow/dags/dag.py
[2025-03-21T19:49:35.545+0000] {processor.py:914} INFO - Processing file /opt/airflow/dags/dag.py for tasks to queue
[2025-03-21T19:49:35.548+0000] {logging_mixin.py:190} INFO - [2025-03-21T19:49:35.548+0000] {dagbag.py:588} INFO - Filling up the DagBag from /opt/airflow/dags/dag.py
[2025-03-21T19:49:35.566+0000] {processor.py:925} INFO - DAG(s) 'fetch_and_store_amazon_books' retrieved from /opt/airflow/dags/dag.py
[2025-03-21T19:49:35.586+0000] {logging_mixin.py:190} INFO - [2025-03-21T19:49:35.586+0000] {dag.py:3239} INFO - Sync 1 DAGs
[2025-03-21T19:49:35.610+0000] {logging_mixin.py:190} INFO - [2025-03-21T19:49:35.610+0000] {dag.py:4180} INFO - Setting next_dagrun for fetch_and_store_amazon_books to None, run_after=None
[2025-03-21T19:49:35.630+0000] {processor.py:208} INFO - Processing /opt/airflow/dags/dag.py took 0.093 seconds
[2025-03-21T19:50:05.983+0000] {processor.py:186} INFO - Started process (PID=11297) to work on /opt/airflow/dags/dag.py
[2025-03-21T19:50:05.984+0000] {processor.py:914} INFO - Processing file /opt/airflow/dags/dag.py for tasks to queue
[2025-03-21T19:50:05.987+0000] {logging_mixin.py:190} INFO - [2025-03-21T19:50:05.986+0000] {dagbag.py:588} INFO - Filling up the DagBag from /opt/airflow/dags/dag.py
[2025-03-21T19:50:06.006+0000] {processor.py:925} INFO - DAG(s) 'fetch_and_store_amazon_books' retrieved from /opt/airflow/dags/dag.py
[2025-03-21T19:50:06.025+0000] {logging_mixin.py:190} INFO - [2025-03-21T19:50:06.024+0000] {dag.py:3239} INFO - Sync 1 DAGs
[2025-03-21T19:50:06.047+0000] {logging_mixin.py:190} INFO - [2025-03-21T19:50:06.047+0000] {dag.py:4180} INFO - Setting next_dagrun for fetch_and_store_amazon_books to None, run_after=None
[2025-03-21T19:50:06.068+0000] {processor.py:208} INFO - Processing /opt/airflow/dags/dag.py took 0.092 seconds
[2025-03-21T19:50:36.246+0000] {processor.py:186} INFO - Started process (PID=11361) to work on /opt/airflow/dags/dag.py
[2025-03-21T19:50:36.247+0000] {processor.py:914} INFO - Processing file /opt/airflow/dags/dag.py for tasks to queue
[2025-03-21T19:50:36.250+0000] {logging_mixin.py:190} INFO - [2025-03-21T19:50:36.249+0000] {dagbag.py:588} INFO - Filling up the DagBag from /opt/airflow/dags/dag.py
[2025-03-21T19:50:36.266+0000] {processor.py:925} INFO - DAG(s) 'fetch_and_store_amazon_books' retrieved from /opt/airflow/dags/dag.py
[2025-03-21T19:50:36.284+0000] {logging_mixin.py:190} INFO - [2025-03-21T19:50:36.284+0000] {dag.py:3239} INFO - Sync 1 DAGs
[2025-03-21T19:50:36.307+0000] {logging_mixin.py:190} INFO - [2025-03-21T19:50:36.306+0000] {dag.py:4180} INFO - Setting next_dagrun for fetch_and_store_amazon_books to None, run_after=None
[2025-03-21T19:50:36.331+0000] {processor.py:208} INFO - Processing /opt/airflow/dags/dag.py took 0.091 seconds
[2025-03-21T19:51:06.422+0000] {processor.py:186} INFO - Started process (PID=11425) to work on /opt/airflow/dags/dag.py
[2025-03-21T19:51:06.423+0000] {processor.py:914} INFO - Processing file /opt/airflow/dags/dag.py for tasks to queue
[2025-03-21T19:51:06.427+0000] {logging_mixin.py:190} INFO - [2025-03-21T19:51:06.426+0000] {dagbag.py:588} INFO - Filling up the DagBag from /opt/airflow/dags/dag.py
[2025-03-21T19:51:06.448+0000] {processor.py:925} INFO - DAG(s) 'fetch_and_store_amazon_books' retrieved from /opt/airflow/dags/dag.py
[2025-03-21T19:51:06.478+0000] {logging_mixin.py:190} INFO - [2025-03-21T19:51:06.477+0000] {dag.py:3239} INFO - Sync 1 DAGs
[2025-03-21T19:51:06.510+0000] {logging_mixin.py:190} INFO - [2025-03-21T19:51:06.509+0000] {dag.py:4180} INFO - Setting next_dagrun for fetch_and_store_amazon_books to None, run_after=None
[2025-03-21T19:51:06.540+0000] {processor.py:208} INFO - Processing /opt/airflow/dags/dag.py took 0.128 seconds
[2025-03-21T19:51:36.744+0000] {processor.py:186} INFO - Started process (PID=11489) to work on /opt/airflow/dags/dag.py
[2025-03-21T19:51:36.746+0000] {processor.py:914} INFO - Processing file /opt/airflow/dags/dag.py for tasks to queue
[2025-03-21T19:51:36.748+0000] {logging_mixin.py:190} INFO - [2025-03-21T19:51:36.748+0000] {dagbag.py:588} INFO - Filling up the DagBag from /opt/airflow/dags/dag.py
[2025-03-21T19:51:36.772+0000] {processor.py:925} INFO - DAG(s) 'fetch_and_store_amazon_books' retrieved from /opt/airflow/dags/dag.py
[2025-03-21T19:51:36.790+0000] {logging_mixin.py:190} INFO - [2025-03-21T19:51:36.790+0000] {dag.py:3239} INFO - Sync 1 DAGs
[2025-03-21T19:51:36.816+0000] {logging_mixin.py:190} INFO - [2025-03-21T19:51:36.816+0000] {dag.py:4180} INFO - Setting next_dagrun for fetch_and_store_amazon_books to None, run_after=None
[2025-03-21T19:51:36.838+0000] {processor.py:208} INFO - Processing /opt/airflow/dags/dag.py took 0.102 seconds
[2025-03-21T19:52:06.997+0000] {processor.py:186} INFO - Started process (PID=11553) to work on /opt/airflow/dags/dag.py
[2025-03-21T19:52:06.999+0000] {processor.py:914} INFO - Processing file /opt/airflow/dags/dag.py for tasks to queue
[2025-03-21T19:52:07.003+0000] {logging_mixin.py:190} INFO - [2025-03-21T19:52:07.002+0000] {dagbag.py:588} INFO - Filling up the DagBag from /opt/airflow/dags/dag.py
[2025-03-21T19:52:07.029+0000] {processor.py:925} INFO - DAG(s) 'fetch_and_store_amazon_books' retrieved from /opt/airflow/dags/dag.py
[2025-03-21T19:52:07.057+0000] {logging_mixin.py:190} INFO - [2025-03-21T19:52:07.057+0000] {dag.py:3239} INFO - Sync 1 DAGs
[2025-03-21T19:52:07.096+0000] {logging_mixin.py:190} INFO - [2025-03-21T19:52:07.096+0000] {dag.py:4180} INFO - Setting next_dagrun for fetch_and_store_amazon_books to None, run_after=None
[2025-03-21T19:52:07.142+0000] {processor.py:208} INFO - Processing /opt/airflow/dags/dag.py took 0.158 seconds
[2025-03-21T19:52:11.585+0000] {processor.py:186} INFO - Started process (PID=11560) to work on /opt/airflow/dags/dag.py
[2025-03-21T19:52:11.586+0000] {processor.py:914} INFO - Processing file /opt/airflow/dags/dag.py for tasks to queue
[2025-03-21T19:52:11.589+0000] {logging_mixin.py:190} INFO - [2025-03-21T19:52:11.589+0000] {dagbag.py:588} INFO - Filling up the DagBag from /opt/airflow/dags/dag.py
[2025-03-21T19:52:11.927+0000] {logging_mixin.py:190} INFO - [2025-03-21T19:52:11.916+0000] {dagbag.py:387} ERROR - Failed to import: /opt/airflow/dags/dag.py
Traceback (most recent call last):
  File "/home/airflow/.local/lib/python3.12/site-packages/airflow/models/dagbag.py", line 383, in parse
    loader.exec_module(new_module)
  File "<frozen importlib._bootstrap_external>", line 999, in exec_module
  File "<frozen importlib._bootstrap>", line 488, in _call_with_frames_removed
  File "/opt/airflow/dags/dag.py", line 121, in <module>
    fetch_book_data_task = PythonOperator(
                           ^^^^^^^^^^^^^^
NameError: name 'PythonOperator' is not defined
[2025-03-21T19:52:11.935+0000] {processor.py:927} WARNING - No viable dags retrieved from /opt/airflow/dags/dag.py
[2025-03-21T19:52:11.959+0000] {processor.py:208} INFO - Processing /opt/airflow/dags/dag.py took 0.384 seconds
[2025-03-21T19:52:35.730+0000] {processor.py:186} INFO - Started process (PID=11618) to work on /opt/airflow/dags/dag.py
[2025-03-21T19:52:35.731+0000] {processor.py:914} INFO - Processing file /opt/airflow/dags/dag.py for tasks to queue
[2025-03-21T19:52:35.734+0000] {logging_mixin.py:190} INFO - [2025-03-21T19:52:35.733+0000] {dagbag.py:588} INFO - Filling up the DagBag from /opt/airflow/dags/dag.py
[2025-03-21T19:52:35.895+0000] {logging_mixin.py:190} INFO - [2025-03-21T19:52:35.890+0000] {dagbag.py:387} ERROR - Failed to import: /opt/airflow/dags/dag.py
Traceback (most recent call last):
  File "/home/airflow/.local/lib/python3.12/site-packages/airflow/models/dagbag.py", line 383, in parse
    loader.exec_module(new_module)
  File "<frozen importlib._bootstrap_external>", line 999, in exec_module
  File "<frozen importlib._bootstrap>", line 488, in _call_with_frames_removed
  File "/opt/airflow/dags/dag.py", line 14, in <module>
    from airflow.providers.postgres.operators.postgres import PostgresOperator
ModuleNotFoundError: No module named 'airflow.providers.postgres.operators'
[2025-03-21T19:52:35.897+0000] {processor.py:927} WARNING - No viable dags retrieved from /opt/airflow/dags/dag.py
[2025-03-21T19:52:35.916+0000] {processor.py:208} INFO - Processing /opt/airflow/dags/dag.py took 0.192 seconds
[2025-03-21T19:52:53.246+0000] {processor.py:186} INFO - Started process (PID=11666) to work on /opt/airflow/dags/dag.py
[2025-03-21T19:52:53.247+0000] {processor.py:914} INFO - Processing file /opt/airflow/dags/dag.py for tasks to queue
[2025-03-21T19:52:53.249+0000] {logging_mixin.py:190} INFO - [2025-03-21T19:52:53.249+0000] {dagbag.py:588} INFO - Filling up the DagBag from /opt/airflow/dags/dag.py
[2025-03-21T19:52:53.461+0000] {logging_mixin.py:190} INFO - [2025-03-21T19:52:53.452+0000] {dagbag.py:387} ERROR - Failed to import: /opt/airflow/dags/dag.py
Traceback (most recent call last):
  File "/home/airflow/.local/lib/python3.12/site-packages/airflow/models/dagbag.py", line 383, in parse
    loader.exec_module(new_module)
  File "<frozen importlib._bootstrap_external>", line 999, in exec_module
  File "<frozen importlib._bootstrap>", line 488, in _call_with_frames_removed
  File "/opt/airflow/dags/dag.py", line 14, in <module>
    from airflow.providers.postgres.operators.postgres import PostgresOperator
ModuleNotFoundError: No module named 'airflow.providers.postgres.operators'
[2025-03-21T19:52:53.464+0000] {processor.py:927} WARNING - No viable dags retrieved from /opt/airflow/dags/dag.py
[2025-03-21T19:52:53.492+0000] {processor.py:208} INFO - Processing /opt/airflow/dags/dag.py took 0.253 seconds
[2025-03-21T19:52:56.629+0000] {processor.py:186} INFO - Started process (PID=11680) to work on /opt/airflow/dags/dag.py
[2025-03-21T19:52:56.630+0000] {processor.py:914} INFO - Processing file /opt/airflow/dags/dag.py for tasks to queue
[2025-03-21T19:52:56.632+0000] {logging_mixin.py:190} INFO - [2025-03-21T19:52:56.632+0000] {dagbag.py:588} INFO - Filling up the DagBag from /opt/airflow/dags/dag.py
[2025-03-21T19:52:56.801+0000] {logging_mixin.py:190} INFO - [2025-03-21T19:52:56.795+0000] {dagbag.py:387} ERROR - Failed to import: /opt/airflow/dags/dag.py
Traceback (most recent call last):
  File "/home/airflow/.local/lib/python3.12/site-packages/airflow/models/dagbag.py", line 383, in parse
    loader.exec_module(new_module)
  File "<frozen importlib._bootstrap_external>", line 999, in exec_module
  File "<frozen importlib._bootstrap>", line 488, in _call_with_frames_removed
  File "/opt/airflow/dags/dag.py", line 14, in <module>
    from airflow.providers.postgres.operators.postgres import PostgresOperator
ModuleNotFoundError: No module named 'airflow.providers.postgres.operators'
[2025-03-21T19:52:56.804+0000] {processor.py:927} WARNING - No viable dags retrieved from /opt/airflow/dags/dag.py
[2025-03-21T19:52:56.825+0000] {processor.py:208} INFO - Processing /opt/airflow/dags/dag.py took 0.206 seconds
[2025-03-21T19:53:00.988+0000] {processor.py:186} INFO - Started process (PID=11684) to work on /opt/airflow/dags/dag.py
[2025-03-21T19:53:00.989+0000] {processor.py:914} INFO - Processing file /opt/airflow/dags/dag.py for tasks to queue
[2025-03-21T19:53:00.992+0000] {logging_mixin.py:190} INFO - [2025-03-21T19:53:00.992+0000] {dagbag.py:588} INFO - Filling up the DagBag from /opt/airflow/dags/dag.py
[2025-03-21T19:53:01.170+0000] {logging_mixin.py:190} INFO - [2025-03-21T19:53:01.164+0000] {dagbag.py:387} ERROR - Failed to import: /opt/airflow/dags/dag.py
Traceback (most recent call last):
  File "/home/airflow/.local/lib/python3.12/site-packages/airflow/models/dagbag.py", line 383, in parse
    loader.exec_module(new_module)
  File "<frozen importlib._bootstrap_external>", line 999, in exec_module
  File "<frozen importlib._bootstrap>", line 488, in _call_with_frames_removed
  File "/opt/airflow/dags/dag.py", line 14, in <module>
    from airflow.providers.postgres.operators.postgres import PostgresOperator
ModuleNotFoundError: No module named 'airflow.providers.postgres.operators'
[2025-03-21T19:53:01.172+0000] {processor.py:927} WARNING - No viable dags retrieved from /opt/airflow/dags/dag.py
[2025-03-21T19:53:01.195+0000] {processor.py:208} INFO - Processing /opt/airflow/dags/dag.py took 0.214 seconds
[2025-03-21T19:53:31.416+0000] {processor.py:186} INFO - Started process (PID=11748) to work on /opt/airflow/dags/dag.py
[2025-03-21T19:53:31.418+0000] {processor.py:914} INFO - Processing file /opt/airflow/dags/dag.py for tasks to queue
[2025-03-21T19:53:31.420+0000] {logging_mixin.py:190} INFO - [2025-03-21T19:53:31.420+0000] {dagbag.py:588} INFO - Filling up the DagBag from /opt/airflow/dags/dag.py
[2025-03-21T19:53:31.568+0000] {logging_mixin.py:190} INFO - [2025-03-21T19:53:31.562+0000] {dagbag.py:387} ERROR - Failed to import: /opt/airflow/dags/dag.py
Traceback (most recent call last):
  File "/home/airflow/.local/lib/python3.12/site-packages/airflow/models/dagbag.py", line 383, in parse
    loader.exec_module(new_module)
  File "<frozen importlib._bootstrap_external>", line 999, in exec_module
  File "<frozen importlib._bootstrap>", line 488, in _call_with_frames_removed
  File "/opt/airflow/dags/dag.py", line 14, in <module>
    from airflow.providers.postgres.operators.postgres import PostgresOperator
ModuleNotFoundError: No module named 'airflow.providers.postgres.operators'
[2025-03-21T19:53:31.571+0000] {processor.py:927} WARNING - No viable dags retrieved from /opt/airflow/dags/dag.py
[2025-03-21T19:53:31.592+0000] {processor.py:208} INFO - Processing /opt/airflow/dags/dag.py took 0.182 seconds
[2025-03-21T19:54:01.988+0000] {processor.py:186} INFO - Started process (PID=11812) to work on /opt/airflow/dags/dag.py
[2025-03-21T19:54:01.989+0000] {processor.py:914} INFO - Processing file /opt/airflow/dags/dag.py for tasks to queue
[2025-03-21T19:54:01.990+0000] {logging_mixin.py:190} INFO - [2025-03-21T19:54:01.990+0000] {dagbag.py:588} INFO - Filling up the DagBag from /opt/airflow/dags/dag.py
[2025-03-21T19:54:02.140+0000] {logging_mixin.py:190} INFO - [2025-03-21T19:54:02.133+0000] {dagbag.py:387} ERROR - Failed to import: /opt/airflow/dags/dag.py
Traceback (most recent call last):
  File "/home/airflow/.local/lib/python3.12/site-packages/airflow/models/dagbag.py", line 383, in parse
    loader.exec_module(new_module)
  File "<frozen importlib._bootstrap_external>", line 999, in exec_module
  File "<frozen importlib._bootstrap>", line 488, in _call_with_frames_removed
  File "/opt/airflow/dags/dag.py", line 14, in <module>
    from airflow.providers.postgres.operators.postgres import PostgresOperator
ModuleNotFoundError: No module named 'airflow.providers.postgres.operators'
[2025-03-21T19:54:02.141+0000] {processor.py:927} WARNING - No viable dags retrieved from /opt/airflow/dags/dag.py
[2025-03-21T19:54:02.168+0000] {processor.py:208} INFO - Processing /opt/airflow/dags/dag.py took 0.187 seconds
[2025-03-21T19:54:32.451+0000] {processor.py:186} INFO - Started process (PID=11876) to work on /opt/airflow/dags/dag.py
[2025-03-21T19:54:32.453+0000] {processor.py:914} INFO - Processing file /opt/airflow/dags/dag.py for tasks to queue
[2025-03-21T19:54:32.454+0000] {logging_mixin.py:190} INFO - [2025-03-21T19:54:32.454+0000] {dagbag.py:588} INFO - Filling up the DagBag from /opt/airflow/dags/dag.py
[2025-03-21T19:54:32.739+0000] {logging_mixin.py:190} INFO - [2025-03-21T19:54:32.732+0000] {dagbag.py:387} ERROR - Failed to import: /opt/airflow/dags/dag.py
Traceback (most recent call last):
  File "/home/airflow/.local/lib/python3.12/site-packages/airflow/models/dagbag.py", line 383, in parse
    loader.exec_module(new_module)
  File "<frozen importlib._bootstrap_external>", line 999, in exec_module
  File "<frozen importlib._bootstrap>", line 488, in _call_with_frames_removed
  File "/opt/airflow/dags/dag.py", line 14, in <module>
    from airflow.providers.postgres.operators.postgres import PostgresOperator
ModuleNotFoundError: No module named 'airflow.providers.postgres.operators'
[2025-03-21T19:54:32.740+0000] {processor.py:927} WARNING - No viable dags retrieved from /opt/airflow/dags/dag.py
[2025-03-21T19:54:32.772+0000] {processor.py:208} INFO - Processing /opt/airflow/dags/dag.py took 0.330 seconds
[2025-03-21T19:55:03.298+0000] {processor.py:186} INFO - Started process (PID=11940) to work on /opt/airflow/dags/dag.py
[2025-03-21T19:55:03.299+0000] {processor.py:914} INFO - Processing file /opt/airflow/dags/dag.py for tasks to queue
[2025-03-21T19:55:03.301+0000] {logging_mixin.py:190} INFO - [2025-03-21T19:55:03.300+0000] {dagbag.py:588} INFO - Filling up the DagBag from /opt/airflow/dags/dag.py
[2025-03-21T19:55:03.449+0000] {logging_mixin.py:190} INFO - [2025-03-21T19:55:03.442+0000] {dagbag.py:387} ERROR - Failed to import: /opt/airflow/dags/dag.py
Traceback (most recent call last):
  File "/home/airflow/.local/lib/python3.12/site-packages/airflow/models/dagbag.py", line 383, in parse
    loader.exec_module(new_module)
  File "<frozen importlib._bootstrap_external>", line 999, in exec_module
  File "<frozen importlib._bootstrap>", line 488, in _call_with_frames_removed
  File "/opt/airflow/dags/dag.py", line 14, in <module>
    from airflow.providers.postgres.operators.postgres import PostgresOperator
ModuleNotFoundError: No module named 'airflow.providers.postgres.operators'
[2025-03-21T19:55:03.451+0000] {processor.py:927} WARNING - No viable dags retrieved from /opt/airflow/dags/dag.py
[2025-03-21T19:55:03.470+0000] {processor.py:208} INFO - Processing /opt/airflow/dags/dag.py took 0.179 seconds
[2025-03-21T19:55:33.882+0000] {processor.py:186} INFO - Started process (PID=12004) to work on /opt/airflow/dags/dag.py
[2025-03-21T19:55:33.884+0000] {processor.py:914} INFO - Processing file /opt/airflow/dags/dag.py for tasks to queue
[2025-03-21T19:55:33.887+0000] {logging_mixin.py:190} INFO - [2025-03-21T19:55:33.886+0000] {dagbag.py:588} INFO - Filling up the DagBag from /opt/airflow/dags/dag.py
[2025-03-21T19:55:34.199+0000] {logging_mixin.py:190} INFO - [2025-03-21T19:55:34.190+0000] {dagbag.py:387} ERROR - Failed to import: /opt/airflow/dags/dag.py
Traceback (most recent call last):
  File "/home/airflow/.local/lib/python3.12/site-packages/airflow/models/dagbag.py", line 383, in parse
    loader.exec_module(new_module)
  File "<frozen importlib._bootstrap_external>", line 999, in exec_module
  File "<frozen importlib._bootstrap>", line 488, in _call_with_frames_removed
  File "/opt/airflow/dags/dag.py", line 14, in <module>
    from airflow.providers.postgres.operators.postgres import PostgresOperator
ModuleNotFoundError: No module named 'airflow.providers.postgres.operators'
[2025-03-21T19:55:34.201+0000] {processor.py:927} WARNING - No viable dags retrieved from /opt/airflow/dags/dag.py
[2025-03-21T19:55:34.235+0000] {processor.py:208} INFO - Processing /opt/airflow/dags/dag.py took 0.370 seconds
[2025-03-21T19:55:48.746+0000] {processor.py:186} INFO - Started process (PID=12014) to work on /opt/airflow/dags/dag.py
[2025-03-21T19:55:48.747+0000] {processor.py:914} INFO - Processing file /opt/airflow/dags/dag.py for tasks to queue
[2025-03-21T19:55:48.748+0000] {logging_mixin.py:190} INFO - [2025-03-21T19:55:48.748+0000] {dagbag.py:588} INFO - Filling up the DagBag from /opt/airflow/dags/dag.py
[2025-03-21T19:55:48.921+0000] {logging_mixin.py:190} INFO - [2025-03-21T19:55:48.914+0000] {dagbag.py:387} ERROR - Failed to import: /opt/airflow/dags/dag.py
Traceback (most recent call last):
  File "/home/airflow/.local/lib/python3.12/site-packages/airflow/models/dagbag.py", line 383, in parse
    loader.exec_module(new_module)
  File "<frozen importlib._bootstrap_external>", line 999, in exec_module
  File "<frozen importlib._bootstrap>", line 488, in _call_with_frames_removed
  File "/opt/airflow/dags/dag.py", line 14, in <module>
    from airflow.providers.postgres.operators.postgres import PostgresOperator
ModuleNotFoundError: No module named 'airflow.providers.postgres.operators'
[2025-03-21T19:55:48.923+0000] {processor.py:927} WARNING - No viable dags retrieved from /opt/airflow/dags/dag.py
[2025-03-21T19:55:48.942+0000] {processor.py:208} INFO - Processing /opt/airflow/dags/dag.py took 0.203 seconds
